[Fri Mar 26 15:58:22.655458 2021] [ssl:warn] [pid 4344:tid 568] AH01909: www.example.com:443:0 server certificate does NOT include an ID which matches the server name
[Fri Mar 26 15:58:22.746378 2021] [ssl:warn] [pid 4344:tid 568] AH01909: www.example.com:443:0 server certificate does NOT include an ID which matches the server name
[Fri Mar 26 15:58:25.266238 2021] [mpm_winnt:notice] [pid 4344:tid 568] AH00455: Apache/2.4.46 (Win64) OpenSSL/1.1.1j PHP/8.0.3 configured -- resuming normal operations
[Fri Mar 26 15:58:25.266238 2021] [mpm_winnt:notice] [pid 4344:tid 568] AH00456: Apache Lounge VS16 Server built: Feb 17 2021 13:11:14
[Fri Mar 26 15:58:25.266238 2021] [core:notice] [pid 4344:tid 568] AH00094: Command line: 'C:\\xampp\\apache\\bin\\httpd.exe -d C:/xampp/apache'
[Fri Mar 26 15:58:25.635049 2021] [mpm_winnt:notice] [pid 4344:tid 568] AH00418: Parent: Created child process 26812
[Fri Mar 26 15:58:26.200500 2021] [ssl:warn] [pid 26812:tid 196] AH01909: www.example.com:443:0 server certificate does NOT include an ID which matches the server name
[Fri Mar 26 15:58:26.283013 2021] [ssl:warn] [pid 26812:tid 196] AH01909: www.example.com:443:0 server certificate does NOT include an ID which matches the server name
[Fri Mar 26 15:58:26.312964 2021] [mpm_winnt:notice] [pid 26812:tid 196] AH00354: Child: Starting 150 worker threads.
[Fri Mar 26 16:41:01.116029 2021] [ssl:warn] [pid 12540:tid 592] AH01909: www.example.com:443:0 server certificate does NOT include an ID which matches the server name
[Fri Mar 26 16:41:01.580396 2021] [core:warn] [pid 12540:tid 592] AH00098: pid file C:/xampp/apache/logs/httpd.pid overwritten -- Unclean shutdown of previous Apache run?
[Fri Mar 26 16:41:01.582391 2021] [ssl:warn] [pid 12540:tid 592] AH01909: www.example.com:443:0 server certificate does NOT include an ID which matches the server name
[Fri Mar 26 16:41:01.605368 2021] [mpm_winnt:notice] [pid 12540:tid 592] AH00455: Apache/2.4.46 (Win64) OpenSSL/1.1.1j PHP/8.0.3 configured -- resuming normal operations
[Fri Mar 26 16:41:01.605368 2021] [mpm_winnt:notice] [pid 12540:tid 592] AH00456: Apache Lounge VS16 Server built: Feb 17 2021 13:11:14
[Fri Mar 26 16:41:01.605368 2021] [core:notice] [pid 12540:tid 592] AH00094: Command line: 'c:\\xampp\\apache\\bin\\httpd.exe -d C:/xampp/apache'
[Fri Mar 26 16:41:01.609319 2021] [mpm_winnt:notice] [pid 12540:tid 592] AH00418: Parent: Created child process 6544
[Fri Mar 26 16:41:02.058319 2021] [ssl:warn] [pid 6544:tid 612] AH01909: www.example.com:443:0 server certificate does NOT include an ID which matches the server name
[Fri Mar 26 16:41:02.120590 2021] [ssl:warn] [pid 6544:tid 612] AH01909: www.example.com:443:0 server certificate does NOT include an ID which matches the server name
[Fri Mar 26 16:41:02.141556 2021] [mpm_winnt:notice] [pid 6544:tid 612] AH00354: Child: Starting 150 worker threads.
[Fri Mar 26 16:50:09.441866 2021] [php:notice] [pid 6544:tid 1828] [client ::1:50442] Erro de banco de dados do WordPress Unknown column 'wp_' in 'field list' para a consulta SELECT wp_, referer: http://localhost/wordpress/wp-admin/setup-config.php?step=1&language=pt_BR
[Fri Mar 26 16:50:09.445855 2021] [php:notice] [pid 6544:tid 1828] [client ::1:50442] Erro de banco de dados do WordPress Incorrect table name '' para a consulta INSERT INTO `` (`option_name`, `option_value`, `autoload`) VALUES ('nonce_key', '>=j_ln?.WE/uwd$t;^/HzOG~q1$0C0U21A?E+JOlrDWo9gl|FlI?CyPh*]EnpD_|', 'no') ON DUPLICATE KEY UPDATE `option_name` = VALUES(`option_name`), `option_value` = VALUES(`option_value`), `autoload` = VALUES(`autoload`) feita por wp_print_scripts, wp_scripts, WP_Scripts->__construct, WP_Scripts->init, do_action_ref_array('wp_default_scripts'), WP_Hook->do_action, WP_Hook->apply_filters, wp_default_scripts, wp_create_nonce, wp_hash, wp_salt, update_site_option, update_network_option, add_network_option, add_option, referer: http://localhost/wordpress/wp-admin/setup-config.php?step=1&language=pt_BR
[Fri Mar 26 16:50:09.445855 2021] [php:notice] [pid 6544:tid 1828] [client ::1:50442] Erro de banco de dados do WordPress Incorrect table name '' para a consulta INSERT INTO `` (`option_name`, `option_value`, `autoload`) VALUES ('nonce_salt', 'Ir!zv*R/t&{Po;`vezcVnlpMt:Z9$9||X22 -xPWgzue]_oZ`Cxv7=rj!]mf&ePr', 'no') ON DUPLICATE KEY UPDATE `option_name` = VALUES(`option_name`), `option_value` = VALUES(`option_value`), `autoload` = VALUES(`autoload`) feita por wp_print_scripts, wp_scripts, WP_Scripts->__construct, WP_Scripts->init, do_action_ref_array('wp_default_scripts'), WP_Hook->do_action, WP_Hook->apply_filters, wp_default_scripts, wp_create_nonce, wp_hash, wp_salt, update_site_option, update_network_option, add_network_option, add_option, referer: http://localhost/wordpress/wp-admin/setup-config.php?step=1&language=pt_BR
[Sat Mar 27 13:45:19.874291 2021] [ssl:warn] [pid 16820:tid 564] AH01909: www.example.com:443:0 server certificate does NOT include an ID which matches the server name
[Sat Mar 27 13:45:19.978337 2021] [core:warn] [pid 16820:tid 564] AH00098: pid file C:/xampp/apache/logs/httpd.pid overwritten -- Unclean shutdown of previous Apache run?
[Sat Mar 27 13:45:19.980330 2021] [ssl:warn] [pid 16820:tid 564] AH01909: www.example.com:443:0 server certificate does NOT include an ID which matches the server name
[Sat Mar 27 13:45:20.914848 2021] [mpm_winnt:notice] [pid 16820:tid 564] AH00455: Apache/2.4.46 (Win64) OpenSSL/1.1.1j PHP/8.0.3 configured -- resuming normal operations
[Sat Mar 27 13:45:20.914848 2021] [mpm_winnt:notice] [pid 16820:tid 564] AH00456: Apache Lounge VS16 Server built: Feb 17 2021 13:11:14
[Sat Mar 27 13:45:20.914848 2021] [core:notice] [pid 16820:tid 564] AH00094: Command line: 'c:\\xampp\\apache\\bin\\httpd.exe -d C:/xampp/apache'
[Sat Mar 27 13:45:20.916842 2021] [mpm_winnt:notice] [pid 16820:tid 564] AH00418: Parent: Created child process 7600
[Sat Mar 27 13:45:21.211752 2021] [ssl:warn] [pid 7600:tid 572] AH01909: www.example.com:443:0 server certificate does NOT include an ID which matches the server name
[Sat Mar 27 13:45:21.268549 2021] [ssl:warn] [pid 7600:tid 572] AH01909: www.example.com:443:0 server certificate does NOT include an ID which matches the server name
[Sat Mar 27 13:45:21.287499 2021] [mpm_winnt:notice] [pid 7600:tid 572] AH00354: Child: Starting 150 worker threads.
[Sat Mar 27 13:48:40.657430 2021] [php:notice] [pid 7600:tid 1800] [client ::1:61768] Erro de banco de dados do WordPress Unknown column 'wp_' in 'field list' para a consulta SELECT wp_, referer: http://localhost/wordpress/wp-admin/setup-config.php?step=1&language=pt_BR
[Sat Mar 27 13:48:40.661420 2021] [php:notice] [pid 7600:tid 1800] [client ::1:61768] Erro de banco de dados do WordPress Incorrect table name '' para a consulta INSERT INTO `` (`option_name`, `option_value`, `autoload`) VALUES ('nonce_key', '@ $e,?H}8kA^L~BC.)HmRxFRB,/w_V.Re(9,RCPws,1gQ@ExrVGJ6[citC1(uBF)', 'no') ON DUPLICATE KEY UPDATE `option_name` = VALUES(`option_name`), `option_value` = VALUES(`option_value`), `autoload` = VALUES(`autoload`) feita por wp_print_scripts, wp_scripts, WP_Scripts->__construct, WP_Scripts->init, do_action_ref_array('wp_default_scripts'), WP_Hook->do_action, WP_Hook->apply_filters, wp_default_scripts, wp_create_nonce, wp_hash, wp_salt, update_site_option, update_network_option, add_network_option, add_option, referer: http://localhost/wordpress/wp-admin/setup-config.php?step=1&language=pt_BR
[Sat Mar 27 13:48:40.661420 2021] [php:notice] [pid 7600:tid 1800] [client ::1:61768] Erro de banco de dados do WordPress Incorrect table name '' para a consulta INSERT INTO `` (`option_name`, `option_value`, `autoload`) VALUES ('nonce_salt', '@Nqpm^!+}28Pk/&Bv]10&|P8%8G)O`d4EDCh=(rf=5>^5 Y&R&=VM9q[_+jy8$WR', 'no') ON DUPLICATE KEY UPDATE `option_name` = VALUES(`option_name`), `option_value` = VALUES(`option_value`), `autoload` = VALUES(`autoload`) feita por wp_print_scripts, wp_scripts, WP_Scripts->__construct, WP_Scripts->init, do_action_ref_array('wp_default_scripts'), WP_Hook->do_action, WP_Hook->apply_filters, wp_default_scripts, wp_create_nonce, wp_hash, wp_salt, update_site_option, update_network_option, add_network_option, add_option, referer: http://localhost/wordpress/wp-admin/setup-config.php?step=1&language=pt_BR
[Sat Mar 27 14:41:27.273565 2021] [php:error] [pid 7600:tid 1840] [client ::1:62621] PHP Fatal error:  Uncaught TypeError: call_user_func_array(): Argument #1 ($function) must be a valid callback, function "lm_after_setup" not found or invalid function name in C:\\xampp\\htdocs\\wordpress\\wp-includes\\class-wp-hook.php:292\nStack trace:\n#0 C:\\xampp\\htdocs\\wordpress\\wp-includes\\class-wp-hook.php(316): WP_Hook->apply_filters('', Array)\n#1 C:\\xampp\\htdocs\\wordpress\\wp-includes\\plugin.php(484): WP_Hook->do_action(Array)\n#2 C:\\xampp\\htdocs\\wordpress\\wp-settings.php(538): do_action('after_setup_the...')\n#3 C:\\xampp\\htdocs\\wordpress\\wp-config.php(95): require_once('C:\\\\xampp\\\\htdocs...')\n#4 C:\\xampp\\htdocs\\wordpress\\wp-load.php(37): require_once('C:\\\\xampp\\\\htdocs...')\n#5 C:\\xampp\\htdocs\\wordpress\\wp-admin\\admin-ajax.php(22): require_once('C:\\\\xampp\\\\htdocs...')\n#6 {main}\n  thrown in C:\\xampp\\htdocs\\wordpress\\wp-includes\\class-wp-hook.php on line 292, referer: http://localhost/wordpress/wp-admin/themes.php
[Sat Mar 27 14:43:28.247292 2021] [php:error] [pid 7600:tid 1840] [client ::1:62641] PHP Fatal error:  Uncaught TypeError: call_user_func_array(): Argument #1 ($function) must be a valid callback, function "lm_after_setup" not found or invalid function name in C:\\xampp\\htdocs\\wordpress\\wp-includes\\class-wp-hook.php:292\nStack trace:\n#0 C:\\xampp\\htdocs\\wordpress\\wp-includes\\class-wp-hook.php(316): WP_Hook->apply_filters('', Array)\n#1 C:\\xampp\\htdocs\\wordpress\\wp-includes\\plugin.php(484): WP_Hook->do_action(Array)\n#2 C:\\xampp\\htdocs\\wordpress\\wp-settings.php(538): do_action('after_setup_the...')\n#3 C:\\xampp\\htdocs\\wordpress\\wp-config.php(95): require_once('C:\\\\xampp\\\\htdocs...')\n#4 C:\\xampp\\htdocs\\wordpress\\wp-load.php(37): require_once('C:\\\\xampp\\\\htdocs...')\n#5 C:\\xampp\\htdocs\\wordpress\\wp-admin\\admin-ajax.php(22): require_once('C:\\\\xampp\\\\htdocs...')\n#6 {main}\n  thrown in C:\\xampp\\htdocs\\wordpress\\wp-includes\\class-wp-hook.php on line 292, referer: http://localhost/wordpress/wp-admin/themes.php
[Sat Mar 27 14:45:29.243387 2021] [php:error] [pid 7600:tid 1840] [client ::1:62659] PHP Parse error:  syntax error, unexpected token "}" in C:\\xampp\\htdocs\\wordpress\\wp-content\\themes\\medusa\\include\\setup.php on line 9, referer: http://localhost/wordpress/wp-admin/themes.php
[Sat Mar 27 14:45:29.305872 2021] [php:warn] [pid 7600:tid 1840] [client ::1:62659] PHP Warning:  Trying to access array offset on value of type bool in C:\\xampp\\htdocs\\wordpress\\wp-includes\\class-wp-recovery-mode-email-service.php on line 351, referer: http://localhost/wordpress/wp-admin/themes.php
[Sat Mar 27 14:45:29.305872 2021] [php:warn] [pid 7600:tid 1840] [client ::1:62659] PHP Warning:  Trying to access array offset on value of type bool in C:\\xampp\\htdocs\\wordpress\\wp-includes\\class-wp-recovery-mode-email-service.php on line 352, referer: http://localhost/wordpress/wp-admin/themes.php
[Sat Mar 27 14:57:50.850316 2021] [php:error] [pid 7600:tid 1840] [client ::1:62766] PHP Parse error:  syntax error, unexpected token "<", expecting end of file in C:\\xampp\\htdocs\\wordpress\\wp-content\\themes\\medusa\\index.php on line 17, referer: http://localhost/wordpress/wp-admin/nav-menus.php?menu=3
[Sat Mar 27 17:03:29.664880 2021] [php:error] [pid 7600:tid 1832] [client ::1:61526] PHP Parse error:  syntax error, unexpected token ")" in C:\\xampp\\htdocs\\wordpress\\wp-content\\themes\\medusa\\header.php on line 12, referer: http://localhost/wordpress/wp-admin/customize.php?return=%2Fwordpress%2Fwp-admin%2Fupload.php
